<?xml version="1.0" encoding="UTF-8"?>
<testng-results ignored="0" total="1" passed="1" failed="0" skipped="0">
  <reporter-output>
  </reporter-output>
  <suite started-at="2021-10-24T18:43:50 IST" name="Default suite" finished-at="2021-10-24T18:43:50 IST" duration-ms="47">
    <groups>
    </groups>
    <test started-at="2021-10-24T18:43:50 IST" name="Default test" finished-at="2021-10-24T18:43:50 IST" duration-ms="47">
      <class name="String_Number_Programs.Fibonacci">
        <test-method signature="fib()[pri:0, instance:String_Number_Programs.Fibonacci@3d121db3]" started-at="2021-10-24T18:43:50 IST" name="fib" finished-at="2021-10-24T18:43:50 IST" duration-ms="9" status="PASS">
          <reporter-output>
          </reporter-output>
        </test-method> <!-- fib -->
      </class> <!-- String_Number_Programs.Fibonacci -->
    </test> <!-- Default test -->
  </suite> <!-- Default suite -->
</testng-results>
